-------------------------------------------------------------------------------
Test set: ru.geekbrains.AppTest
-------------------------------------------------------------------------------
Tests run: 4, Failures: 1, Errors: 0, Skipped: 0, Time elapsed: 0.031 s <<< FAILURE! - in ru.geekbrains.AppTest
shouldAnswerWithTrue(ru.geekbrains.AppTest)  Time elapsed: 0.006 s  <<< FAILURE!
java.lang.AssertionError
	at ru.geekbrains.AppTest.shouldAnswerWithTrue(AppTest.java:19)

