<?xml version="1.0" encoding="UTF-8"?>
<testsuite xmlns:xsi="http://www.w3.org/2001/XMLSchema-instance" xsi:noNamespaceSchemaLocation="https://maven.apache.org/surefire/maven-surefire-plugin/xsd/surefire-test-report.xsd" name="ru.geekbrains.AppTest" time="0.031" tests="4" errors="0" skipped="0" failures="1">
  <properties>
[...]
</properties>
  <testcase name="shouldAnswerWithTrue" classname="ru.geekbrains.AppTest" time="0.006">
    <failure type="java.lang.AssertionError">java.lang.AssertionError
	at ru.geekbrains.AppTest.shouldAnswerWithTrue(AppTest.java:19)
</failure>
  </testcase>
  <testcase name="shouldAnswerWithTrue1" classname="ru.geekbrains.AppTest" time="0"/>
  <testcase name="shouldAnswerWithTrue2" classname="ru.geekbrains.AppTest" time="0.001"/>
  <testcase name="shouldAnswerWithTrue3" classname="ru.geekbrains.AppTest" time="0"/>
</testsuite>